{"C:\\Users\\MAJEED\\Documents\\GitsLocaWorkSpace-Win32\\StackOverflow-lite\\spec\\stackOverFlowLiteSpec.js":{"path":"C:\\Users\\MAJEED\\Documents\\GitsLocaWorkSpace-Win32\\StackOverflow-lite\\spec\\stackOverFlowLiteSpec.js","s":{"1":1,"2":1,"3":1,"4":5,"5":1,"6":1,"7":1,"8":1,"9":1,"10":1,"11":1,"12":1,"13":1,"14":1,"15":1,"16":1,"17":1,"18":1,"19":1,"20":1,"21":1,"22":1,"23":1,"24":1,"25":1,"26":1,"27":1,"28":1,"29":1,"30":1},"b":{},"f":{"1":5},"fnMap":{"1":{"name":"(anonymous_1)","line":5,"loc":{"start":{"line":5,"column":15},"end":{"line":5,"column":27}}}},"statementMap":{"1":{"start":{"line":1,"column":0},"end":{"line":1,"column":33}},"2":{"start":{"line":3,"column":0},"end":{"line":55,"column":3}},"3":{"start":{"line":5,"column":4},"end":{"line":7,"column":7}},"4":{"start":{"line":6,"column":8},"end":{"line":6,"column":27}},"5":{"start":{"line":9,"column":4},"end":{"line":14,"column":7}},"6":{"start":{"line":10,"column":8},"end":{"line":13,"column":11}},"7":{"start":{"line":11,"column":12},"end":{"line":11,"column":50}},"8":{"start":{"line":12,"column":12},"end":{"line":12,"column":19}},"9":{"start":{"line":17,"column":4},"end":{"line":26,"column":7}},"10":{"start":{"line":18,"column":8},"end":{"line":25,"column":11}},"11":{"start":{"line":19,"column":12},"end":{"line":19,"column":50}},"12":{"start":{"line":20,"column":12},"end":{"line":20,"column":55}},"13":{"start":{"line":21,"column":12},"end":{"line":23,"column":29}},"14":{"start":{"line":22,"column":16},"end":{"line":22,"column":42}},"15":{"start":{"line":24,"column":12},"end":{"line":24,"column":19}},"16":{"start":{"line":29,"column":4},"end":{"line":38,"column":7}},"17":{"start":{"line":30,"column":8},"end":{"line":37,"column":11}},"18":{"start":{"line":31,"column":12},"end":{"line":31,"column":50}},"19":{"start":{"line":32,"column":12},"end":{"line":32,"column":55}},"20":{"start":{"line":33,"column":12},"end":{"line":35,"column":29}},"21":{"start":{"line":34,"column":16},"end":{"line":34,"column":42}},"22":{"start":{"line":36,"column":12},"end":{"line":36,"column":19}},"23":{"start":{"line":41,"column":4},"end":{"line":46,"column":7}},"24":{"start":{"line":42,"column":8},"end":{"line":45,"column":10}},"25":{"start":{"line":43,"column":12},"end":{"line":43,"column":50}},"26":{"start":{"line":44,"column":12},"end":{"line":44,"column":19}},"27":{"start":{"line":49,"column":4},"end":{"line":54,"column":7}},"28":{"start":{"line":50,"column":8},"end":{"line":53,"column":11}},"29":{"start":{"line":51,"column":12},"end":{"line":51,"column":50}},"30":{"start":{"line":52,"column":12},"end":{"line":52,"column":19}}},"branchMap":{}},"C:\\Users\\MAJEED\\Documents\\GitsLocaWorkSpace-Win32\\StackOverflow-lite\\index.js":{"path":"C:\\Users\\MAJEED\\Documents\\GitsLocaWorkSpace-Win32\\StackOverflow-lite\\index.js","s":{"1":1,"2":1,"3":1,"4":1,"5":1,"6":1,"7":1,"8":1,"9":1,"10":1,"11":1,"12":1,"13":1,"14":1,"15":1,"16":0,"17":1,"18":0,"19":1,"20":0,"21":0,"22":1,"23":0,"24":1,"25":1,"26":1,"27":1,"28":1,"29":1,"30":1,"31":1,"32":1,"33":0,"34":0,"35":0,"36":0,"37":0,"38":0,"39":0,"40":0,"41":1,"42":1,"43":1,"44":0,"45":0,"46":0,"47":0,"48":0,"49":0,"50":0,"51":1,"52":0,"53":0,"54":0,"55":1,"56":0,"57":0,"58":0,"59":0,"60":1,"61":1},"b":{"1":[1,1],"2":[1,0],"3":[0,0],"4":[1,0]},"f":{"1":1,"2":0,"3":0,"4":0,"5":0,"6":0,"7":0,"8":1},"fnMap":{"1":{"name":"(anonymous_1)","line":20,"loc":{"start":{"line":20,"column":13},"end":{"line":20,"column":33}}},"2":{"name":"(anonymous_2)","line":25,"loc":{"start":{"line":25,"column":25},"end":{"line":25,"column":45}}},"3":{"name":"(anonymous_3)","line":30,"loc":{"start":{"line":30,"column":31},"end":{"line":30,"column":51}}},"4":{"name":"(anonymous_4)","line":35,"loc":{"start":{"line":35,"column":18},"end":{"line":35,"column":38}}},"5":{"name":"(anonymous_5)","line":42,"loc":{"start":{"line":42,"column":18},"end":{"line":42,"column":38}}},"6":{"name":"(anonymous_6)","line":118,"loc":{"start":{"line":118,"column":8},"end":{"line":118,"column":28}}},"7":{"name":"(anonymous_7)","line":125,"loc":{"start":{"line":125,"column":8},"end":{"line":125,"column":28}}},"8":{"name":"(anonymous_8)","line":132,"loc":{"start":{"line":132,"column":28},"end":{"line":132,"column":40}}}},"statementMap":{"1":{"start":{"line":1,"column":0},"end":{"line":1,"column":33}},"2":{"start":{"line":2,"column":0},"end":{"line":2,"column":27}},"3":{"start":{"line":3,"column":0},"end":{"line":3,"column":51}},"4":{"start":{"line":4,"column":0},"end":{"line":4,"column":40}},"5":{"start":{"line":5,"column":0},"end":{"line":5,"column":23}},"6":{"start":{"line":7,"column":0},"end":{"line":7,"column":19}},"7":{"start":{"line":9,"column":0},"end":{"line":9,"column":54}},"8":{"start":{"line":10,"column":0},"end":{"line":10,"column":53}},"9":{"start":{"line":11,"column":0},"end":{"line":11,"column":53}},"10":{"start":{"line":14,"column":0},"end":{"line":14,"column":27}},"11":{"start":{"line":15,"column":0},"end":{"line":15,"column":51}},"12":{"start":{"line":17,"column":0},"end":{"line":17,"column":42}},"13":{"start":{"line":20,"column":0},"end":{"line":22,"column":3}},"14":{"start":{"line":21,"column":4},"end":{"line":21,"column":53}},"15":{"start":{"line":25,"column":0},"end":{"line":27,"column":3}},"16":{"start":{"line":26,"column":4},"end":{"line":26,"column":60}},"17":{"start":{"line":30,"column":0},"end":{"line":32,"column":3}},"18":{"start":{"line":31,"column":4},"end":{"line":31,"column":66}},"19":{"start":{"line":35,"column":0},"end":{"line":38,"column":3}},"20":{"start":{"line":36,"column":4},"end":{"line":36,"column":27}},"21":{"start":{"line":37,"column":4},"end":{"line":37,"column":27}},"22":{"start":{"line":42,"column":0},"end":{"line":44,"column":3}},"23":{"start":{"line":43,"column":4},"end":{"line":43,"column":53}},"24":{"start":{"line":47,"column":0},"end":{"line":53,"column":3}},"25":{"start":{"line":48,"column":4},"end":{"line":52,"column":7}},"26":{"start":{"line":56,"column":0},"end":{"line":64,"column":3}},"27":{"start":{"line":57,"column":4},"end":{"line":57,"column":62}},"28":{"start":{"line":58,"column":4},"end":{"line":58,"column":51}},"29":{"start":{"line":59,"column":4},"end":{"line":63,"column":7}},"30":{"start":{"line":67,"column":0},"end":{"line":97,"column":3}},"31":{"start":{"line":68,"column":4},"end":{"line":96,"column":5}},"32":{"start":{"line":69,"column":8},"end":{"line":72,"column":10}},"33":{"start":{"line":73,"column":11},"end":{"line":96,"column":5}},"34":{"start":{"line":74,"column":8},"end":{"line":78,"column":14}},"35":{"start":{"line":80,"column":8},"end":{"line":80,"column":48}},"36":{"start":{"line":81,"column":8},"end":{"line":81,"column":39}},"37":{"start":{"line":82,"column":8},"end":{"line":90,"column":10}},"38":{"start":{"line":93,"column":8},"end":{"line":93,"column":26}},"39":{"start":{"line":94,"column":8},"end":{"line":94,"column":33}},"40":{"start":{"line":95,"column":8},"end":{"line":95,"column":80}},"41":{"start":{"line":100,"column":0},"end":{"line":115,"column":3}},"42":{"start":{"line":101,"column":4},"end":{"line":114,"column":5}},"43":{"start":{"line":102,"column":8},"end":{"line":105,"column":11}},"44":{"start":{"line":107,"column":8},"end":{"line":107,"column":66}},"45":{"start":{"line":108,"column":8},"end":{"line":108,"column":47}},"46":{"start":{"line":109,"column":8},"end":{"line":109,"column":49}},"47":{"start":{"line":110,"column":8},"end":{"line":110,"column":45}},"48":{"start":{"line":111,"column":8},"end":{"line":111,"column":51}},"49":{"start":{"line":112,"column":8},"end":{"line":112,"column":45}},"50":{"start":{"line":113,"column":8},"end":{"line":113,"column":80}},"51":{"start":{"line":118,"column":0},"end":{"line":122,"column":3}},"52":{"start":{"line":119,"column":4},"end":{"line":119,"column":27}},"53":{"start":{"line":120,"column":4},"end":{"line":120,"column":19}},"54":{"start":{"line":121,"column":4},"end":{"line":121,"column":37}},"55":{"start":{"line":125,"column":0},"end":{"line":130,"column":3}},"56":{"start":{"line":126,"column":4},"end":{"line":126,"column":29}},"57":{"start":{"line":127,"column":4},"end":{"line":127,"column":27}},"58":{"start":{"line":128,"column":4},"end":{"line":128,"column":20}},"59":{"start":{"line":129,"column":4},"end":{"line":129,"column":44}},"60":{"start":{"line":132,"column":0},"end":{"line":135,"column":3}},"61":{"start":{"line":133,"column":4},"end":{"line":134,"column":57}}},"branchMap":{"1":{"line":17,"type":"binary-expr","locations":[{"start":{"line":17,"column":16},"end":{"line":17,"column":32}},{"start":{"line":17,"column":36},"end":{"line":17,"column":40}}]},"2":{"line":68,"type":"if","locations":[{"start":{"line":68,"column":4},"end":{"line":68,"column":4}},{"start":{"line":68,"column":4},"end":{"line":68,"column":4}}]},"3":{"line":73,"type":"if","locations":[{"start":{"line":73,"column":11},"end":{"line":73,"column":11}},{"start":{"line":73,"column":11},"end":{"line":73,"column":11}}]},"4":{"line":101,"type":"if","locations":[{"start":{"line":101,"column":4},"end":{"line":101,"column":4}},{"start":{"line":101,"column":4},"end":{"line":101,"column":4}}]}}}}